<?xml version="1.0" encoding="UTF-8"?>
<!-- Generated by org.testng.reporters.JUnitReportReporter -->
<testsuite hostname="MACs-Mac-mini.local" failures="0" tests="1" name="TestCases.LoginTest" time="8.620" errors="0" timestamp="2025-03-31T09:40:12 IST" skipped="0">
  <testcase classname="TestCases.LoginTest" name="Valid_login" time="8.620"/>
  <system-out/>
</testsuite> <!-- TestCases.LoginTest -->
