<?xml version="1.0" encoding="UTF-8"?>
<!-- Generated by org.testng.reporters.JUnitReportReporter -->
<testsuite hostname="MACs-Mac-mini.local" failures="0" tests="3" name="TestCases.ForgotPasswordTest" time="31.121" errors="0" timestamp="2025-03-31T11:25:56 IST" skipped="0">
  <testcase classname="TestCases.ForgotPasswordTest" name="ForgotPw_click" time="5.582"/>
  <system-out/>
  <testcase classname="TestCases.ForgotPasswordTest" name="ForgotPw_valid" time="12.709"/>
  <system-out/>
  <testcase classname="TestCases.ForgotPasswordTest" name="ForgotPw_Invalid" time="12.830"/>
  <system-out/>
</testsuite> <!-- TestCases.ForgotPasswordTest -->
