<?xml version="1.0" encoding="UTF-8"?>
<!-- Generated by org.testng.reporters.JUnitReportReporter -->
<testsuite hostname="MACs-Mac-mini.local" failures="0" tests="3" name="TestCases.ForgotPasswordTest" time="28.799" errors="0" timestamp="2025-03-31T09:40:12 IST" skipped="0">
  <testcase classname="TestCases.ForgotPasswordTest" name="ForgotPw_click" time="6.132"/>
  <system-out/>
  <testcase classname="TestCases.ForgotPasswordTest" name="ForgotPw_valid" time="11.450"/>
  <system-out/>
  <testcase classname="TestCases.ForgotPasswordTest" name="ForgotPw_Invalid" time="11.217"/>
  <system-out/>
</testsuite> <!-- TestCases.ForgotPasswordTest -->
